<?xml version="1.0" encoding="UTF-8"?>
<testsuites>
  <testsuite name="fastlane.lanes">
    
    
    
      
      <testcase classname="fastlane.lanes" name="0: Verifying required fastlane version" time="0.001644">
        
      </testcase>
    
      
      <testcase classname="fastlane.lanes" name="1: default_platform" time="0.001283">
        
      </testcase>
    
      
      <testcase classname="fastlane.lanes" name="2: increment_version_code" time="0.004339">
        
      </testcase>
    
      
      <testcase classname="fastlane.lanes" name="3: gradle" time="72.567537">
        
          <failure message="/Library/Ruby/Gems/2.0.0/gems/fastlane-2.62.0/fastlane/lib/fastlane/actions/actions_helper.rb:48:in `execute_action'&#10;/Library/Ruby/Gems/2.0.0/gems/fastlane-2.62.0/fastlane/lib/fastlane/runner.rb:234:in `block in execute_action'&#10;/Library/Ruby/Gems/2.0.0/gems/fastlane-2.62.0/fastlane/lib/fastlane/runner.rb:230:in `chdir'&#10;/Library/Ruby/Gems/2.0.0/gems/fastlane-2.62.0/fastlane/lib/fastlane/runner.rb:230:in `execute_action'&#10;/Library/Ruby/Gems/2.0.0/gems/fastlane-2.62.0/fastlane/lib/fastlane/runner.rb:148:in `trigger_action_by_name'&#10;/Library/Ruby/Gems/2.0.0/gems/fastlane-2.62.0/fastlane/lib/fastlane/fast_file.rb:146:in `method_missing'&#10;Fastfile:31:in `block (2 levels) in parsing_binding'&#10;/Library/Ruby/Gems/2.0.0/gems/fastlane-2.62.0/fastlane/lib/fastlane/lane.rb:33:in `call'&#10;/Library/Ruby/Gems/2.0.0/gems/fastlane-2.62.0/fastlane/lib/fastlane/lane.rb:33:in `call'&#10;/Library/Ruby/Gems/2.0.0/gems/fastlane-2.62.0/fastlane/lib/fastlane/runner.rb:49:in `block in execute'&#10;/Library/Ruby/Gems/2.0.0/gems/fastlane-2.62.0/fastlane/lib/fastlane/runner.rb:45:in `chdir'&#10;/Library/Ruby/Gems/2.0.0/gems/fastlane-2.62.0/fastlane/lib/fastlane/runner.rb:45:in `execute'&#10;/Library/Ruby/Gems/2.0.0/gems/fastlane-2.62.0/fastlane/lib/fastlane/lane_manager.rb:54:in `cruise_lane'&#10;/Library/Ruby/Gems/2.0.0/gems/fastlane-2.62.0/fastlane/lib/fastlane/command_line_handler.rb:30:in `handle'&#10;/Library/Ruby/Gems/2.0.0/gems/fastlane-2.62.0/fastlane/lib/fastlane/commands_generator.rb:104:in `block (2 levels) in run'&#10;/Library/Ruby/Gems/2.0.0/gems/commander-fastlane-4.4.5/lib/commander/command.rb:178:in `call'&#10;/Library/Ruby/Gems/2.0.0/gems/commander-fastlane-4.4.5/lib/commander/command.rb:178:in `call'&#10;/Library/Ruby/Gems/2.0.0/gems/commander-fastlane-4.4.5/lib/commander/command.rb:153:in `run'&#10;/Library/Ruby/Gems/2.0.0/gems/commander-fastlane-4.4.5/lib/commander/runner.rb:476:in `run_active_command'&#10;/Library/Ruby/Gems/2.0.0/gems/fastlane-2.62.0/fastlane_core/lib/fastlane_core/ui/fastlane_runner.rb:66:in `run!'&#10;/Library/Ruby/Gems/2.0.0/gems/commander-fastlane-4.4.5/lib/commander/delegates.rb:15:in `run!'&#10;/Library/Ruby/Gems/2.0.0/gems/fastlane-2.62.0/fastlane/lib/fastlane/commands_generator.rb:303:in `run'&#10;/Library/Ruby/Gems/2.0.0/gems/fastlane-2.62.0/fastlane/lib/fastlane/commands_generator.rb:42:in `start'&#10;/Library/Ruby/Gems/2.0.0/gems/fastlane-2.62.0/fastlane/lib/fastlane/cli_tools_distributor.rb:66:in `take_off'&#10;/Library/Ruby/Gems/2.0.0/gems/fastlane-2.62.0/bin/fastlane:20:in `&lt;top (required)&gt;'&#10;/usr/local/bin/fastlane:23:in `load'&#10;/usr/local/bin/fastlane:23:in `&lt;main&gt;'&#10;&#10;Exit status of command '/Users/kaskasi/VocabularyTrainer/gradlew clean assembleRelease testDebug connectedAndroidTest -p .' was 1 instead of 0.&#10;:clean&#10;:app:clean&#10;:app:preBuild UP-TO-DATE&#10;:app:preReleaseBuild&#10;:app:compileReleaseAidl&#10;:app:compileReleaseRenderscript&#10;:app:checkReleaseManifest&#10;:app:generateReleaseBuildConfig&#10;:app:prepareLintJar UP-TO-DATE&#10;:app:generateReleaseResValues&#10;:app:generateReleaseResources&#10;:app:mergeReleaseResources&#10;:app:createReleaseCompatibleScreenManifests&#10;:app:processReleaseManifest&#10;:app:splitsDiscoveryTaskRelease&#10;:app:processReleaseResources&#10;:app:generateReleaseSources&#10;:app:dataBindingExportBuildInfoRelease&#10;:app:kaptGenerateStubsReleaseKotlin&#10;Using kotlin incremental compilation&#10;:app:transformDataBindingWithDataBindingMergeArtifactsForRelease&#10;:app:kaptReleaseKotlin&#10;w: warning: Supported source version 'RELEASE_7' from annotation processor 'android.arch.persistence.room.RoomProcessor' less than -source '1.8'&#10;w: &#10;&#10;e: java.lang.OutOfMemoryError: GC overhead limit exceeded&#10;	at org.jetbrains.kotlin.com.intellij.util.text.ImmutableText.subSequence(ImmutableText.java:232)&#10;	at org.jetbrains.kotlin.com.intellij.lang.impl.PsiBuilderImpl$RelativeTokenTextView.get(PsiBuilderImpl.java:1391)&#10;	at org.jetbrains.kotlin.parsing.PrecedingCommentsBinder.getEdgePosition(CommentBinders.kt:39)&#10;	at org.jetbrains.kotlin.com.intellij.lang.impl.PsiBuilderImpl.balanceWhiteSpaces(PsiBuilderImpl.java:1342)&#10;	at org.jetbrains.kotlin.com.intellij.lang.impl.PsiBuilderImpl.prepareLightTree(PsiBuilderImpl.java:1244)&#10;	at org.jetbrains.kotlin.com.intellij.lang.impl.PsiBuilderImpl.buildTree(PsiBuilderImpl.java:1148)&#10;	at org.jetbrains.kotlin.com.intellij.lang.impl.PsiBuilderImpl.getTreeBuilt(PsiBuilderImpl.java:1132)&#10;	at org.jetbrains.kotlin.parsing.KotlinParser.parse(KotlinParser.java:53)&#10;	at org.jetbrains.kotlin.psi.stubs.elements.KtFileElementType.doParseContents(KtFileElementType.java:82)&#10;	at org.jetbrains.kotlin.com.intellij.psi.tree.IFileElementType.parseContents(IFileElementType.java:49)&#10;	at org.jetbrains.kotlin.com.intellij.psi.impl.source.tree.LazyParseableElement.ensureParsed(LazyParseableElement.java:192)&#10;	at org.jetbrains.kotlin.com.intellij.psi.impl.source.tree.LazyParseableElement.getFirstChildNode(LazyParseableElement.java:240)&#10;	at org.jetbrains.kotlin.com.intellij.psi.impl.source.tree.LazyParseableElement.getFirstChildNode(LazyParseableElement.java:39)&#10;	at org.jetbrains.kotlin.com.intellij.psi.impl.source.tree.SharedImplUtil.acceptChildren(SharedImplUtil.java:190)&#10;	at org.jetbrains.kotlin.com.intellij.psi.impl.source.PsiFileImpl.acceptChildren(PsiFileImpl.java:857)&#10;	at org.jetbrains.kotlin.psi.KtTreeVisitorVoid.visitElement(KtTreeVisitorVoid.java:25)&#10;	at org.jetbrains.kotlin.com.intellij.psi.PsiElementVisitor.visitFile(PsiElementVisitor.java:34)&#10;	at org.jetbrains.kotlin.psi.KtVisitor.visitKtFile(KtVisitor.java:73)&#10;	at org.jetbrains.kotlin.psi.KtVisitorVoid.visitKtFile(KtVisitorVoid.java:69)&#10;	at org.jetbrains.kotlin.psi.KtVisitorVoid.visitKtFile(KtVisitorVoid.java:509)&#10;	at org.jetbrains.kotlin.psi.KtVisitorVoid.visitKtFile(KtVisitorVoid.java:21)&#10;	at org.jetbrains.kotlin.psi.KtFile.accept(KtFile.java:246)&#10;	at org.jetbrains.kotlin.psi.KtFile.accept(KtFile.java:226)&#10;	at org.jetbrains.kotlin.cli.common.messages.AnalyzerWithCompilerReport$Companion.reportSyntaxErrors(AnalyzerWithCompilerReport.kt:198)&#10;	at org.jetbrains.kotlin.cli.common.messages.AnalyzerWithCompilerReport$Companion.reportSyntaxErrors(AnalyzerWithCompilerReport.kt:204)&#10;	at org.jetbrains.kotlin.cli.common.messages.AnalyzerWithCompilerReport.reportSyntaxErrors(AnalyzerWithCompilerReport.kt:87)&#10;	at org.jetbrains.kotlin.cli.common.messages.AnalyzerWithCompilerReport.analyzeAndReport(AnalyzerWithCompilerReport.kt:106)&#10;	at org.jetbrains.kotlin.cli.jvm.compiler.KotlinToJVMBytecodeCompiler.analyze(KotlinToJVMBytecodeCompiler.kt:354)&#10;	at org.jetbrains.kotlin.cli.jvm.compiler.KotlinToJVMBytecodeCompiler.compileModules(KotlinToJVMBytecodeCompiler.kt:139)&#10;	at org.jetbrains.kotlin.cli.jvm.K2JVMCompiler.doExecute(K2JVMCompiler.kt:167)&#10;	at org.jetbrains.kotlin.cli.jvm.K2JVMCompiler.doExecute(K2JVMCompiler.kt:55)&#10;	at org.jetbrains.kotlin.cli.common.CLICompiler.exec(CLICompiler.java:182)&#10;&#10;:app:kaptReleaseKotlin FAILED&#10;&#10;FAILURE: Build failed with an exception.&#10;&#10;* What went wrong:&#10;Execution failed for task ':app:kaptReleaseKotlin'.&#10;&gt; Internal compiler error. See log for more details&#10;&#10;* Try:&#10;Run with --stacktrace option to get the stack trace. Run with --info or --debug option to get more log output.&#10;&#10;* Get more help at https://help.gradle.org&#10;&#10;BUILD FAILED in 1m 12s&#10;18 actionable tasks: 17 executed, 1 up-to-date&#10;" />
        
      </testcase>
    
  </testsuite>
</testsuites>
